<?xml version="1.0" encoding="UTF-8" ?>
<testsuites>
  <testsuite errors="0" failures="0" hostname="icloud" id="0" name="MinCriteriaValidatorIntegrationTests" package="org.grails.plugin.mincriteria.validator" tests="8" time="0.092" timestamp="2009-11-14T08:32:50">
      <properties />

      <testcase classname="org.grails.plugin.mincriteria.validator.MinCriteriaValidatorIntegrationTests" name="testShouldPassValidatationByZipCode" time="0.03" />

      <testcase classname="org.grails.plugin.mincriteria.validator.MinCriteriaValidatorIntegrationTests" name="testShouldPassValidatationByStreetCityAndCountry" time="0.0050" />

      <testcase classname="org.grails.plugin.mincriteria.validator.MinCriteriaValidatorIntegrationTests" name="testShouldPassValidatationByCityAndState" time="0.0040" />

      <testcase classname="org.grails.plugin.mincriteria.validator.MinCriteriaValidatorIntegrationTests" name="testShouldPassValidatationByCityAndCountry" time="0.0040" />

      <testcase classname="org.grails.plugin.mincriteria.validator.MinCriteriaValidatorIntegrationTests" name="testShouldPassValidatationByLatitudeAndLongitude" time="0.0040" />

      <testcase classname="org.grails.plugin.mincriteria.validator.MinCriteriaValidatorIntegrationTests" name="testShouldFailValidatationIfMinCriteriaNotMet" time="0.0090" />

      <testcase classname="org.grails.plugin.mincriteria.validator.MinCriteriaValidatorIntegrationTests" name="testShouldFailCoreValidatation" time="0.0090" />

      <testcase classname="org.grails.plugin.mincriteria.validator.MinCriteriaValidatorIntegrationTests" name="testShouldFailValidatationIfMinCriteriaNotMetAndRecordError" time="0.0030" />

      <system-out><![CDATA[--Output from testShouldPassValidatationByZipCode--
--Output from testShouldPassValidatationByStreetCityAndCountry--
--Output from testShouldPassValidatationByCityAndState--
--Output from testShouldPassValidatationByCityAndCountry--
--Output from testShouldPassValidatationByLatitudeAndLongitude--
--Output from testShouldFailValidatationIfMinCriteriaNotMet--
--Output from testShouldFailCoreValidatation--
--Output from testShouldFailValidatationIfMinCriteriaNotMetAndRecordError--
]]></system-out>

      <system-err><![CDATA[--Output from testShouldPassValidatationByZipCode--
--Output from testShouldPassValidatationByStreetCityAndCountry--
--Output from testShouldPassValidatationByCityAndState--
--Output from testShouldPassValidatationByCityAndCountry--
--Output from testShouldPassValidatationByLatitudeAndLongitude--
--Output from testShouldFailValidatationIfMinCriteriaNotMet--
--Output from testShouldFailCoreValidatation--
--Output from testShouldFailValidatationIfMinCriteriaNotMetAndRecordError--
]]></system-err>

  </testsuite>
  <testsuite errors="0" failures="0" hostname="icloud" id="1" name="MinCriteriaValidatorUnitTests" package="org.grails.plugin.mincriteria.validator" tests="7" time="0.126" timestamp="2009-11-14T08:32:34">
      <properties />

      <testcase classname="org.grails.plugin.mincriteria.validator.MinCriteriaValidatorUnitTests" name="testShouldPassValidatationByZipCode" time="0.104" />

      <testcase classname="org.grails.plugin.mincriteria.validator.MinCriteriaValidatorUnitTests" name="testShouldPassValidatationByStreetCityAndCountry" time="0.0030" />

      <testcase classname="org.grails.plugin.mincriteria.validator.MinCriteriaValidatorUnitTests" name="testShouldPassValidatationByCityAndState" time="0.0030" />

      <testcase classname="org.grails.plugin.mincriteria.validator.MinCriteriaValidatorUnitTests" name="testShouldPassValidatationByCityAndCountry" time="0.0020" />

      <testcase classname="org.grails.plugin.mincriteria.validator.MinCriteriaValidatorUnitTests" name="testShouldPassValidatationByLatitudeAndLongitude" time="0.0050" />

      <testcase classname="org.grails.plugin.mincriteria.validator.MinCriteriaValidatorUnitTests" name="testShouldFailValidatationIfMinCriteriaNotMet" time="0.0040" />

      <testcase classname="org.grails.plugin.mincriteria.validator.MinCriteriaValidatorUnitTests" name="testShouldFailValidatationIfMinCriteriaNotMetAndRecordError" time="0.0040" />

      <system-out><![CDATA[--Output from testShouldPassValidatationByZipCode--
--Output from testShouldPassValidatationByStreetCityAndCountry--
--Output from testShouldPassValidatationByCityAndState--
--Output from testShouldPassValidatationByCityAndCountry--
--Output from testShouldPassValidatationByLatitudeAndLongitude--
--Output from testShouldFailValidatationIfMinCriteriaNotMet--
--Output from testShouldFailValidatationIfMinCriteriaNotMetAndRecordError--
]]></system-out>

      <system-err><![CDATA[--Output from testShouldPassValidatationByZipCode--
--Output from testShouldPassValidatationByStreetCityAndCountry--
--Output from testShouldPassValidatationByCityAndState--
--Output from testShouldPassValidatationByCityAndCountry--
--Output from testShouldPassValidatationByLatitudeAndLongitude--
--Output from testShouldFailValidatationIfMinCriteriaNotMet--
--Output from testShouldFailValidatationIfMinCriteriaNotMetAndRecordError--
]]></system-err>

  </testsuite>
</testsuites>
